"2024-03-13 21:54:49,792 INFO  [main] com.project.StudentManagementApplication:Starting StudentManagementApplication using Java 17.0.9 on LAPTOP-KS19ATML with PID 18412 (C:\Users\suleyman\OneDrive\Masa端st端\KURS DOSYALARI\StudentManagement\target\classes started by suleyman in C:\Users\suleyman\OneDrive\Masa端st端\KURS DOSYALARI\StudentManagement)
""2024-03-13 21:54:49,808 INFO  [main] com.project.StudentManagementApplication:No active profile set, falling back to 1 default profile: "default"
""2024-03-13 21:54:51,169 INFO  [main] org.springframework.data.repository.config.RepositoryConfigurationDelegate:Bootstrapping Spring Data JPA repositories in DEFAULT mode.
""2024-03-13 21:54:51,389 INFO  [main] org.springframework.data.repository.config.RepositoryConfigurationDelegate:Finished Spring Data repository scanning in 206 ms. Found 8 JPA repository interfaces.
""2024-03-13 21:54:52,194 INFO  [main] org.springframework.boot.web.embedded.tomcat.TomcatWebServer:Tomcat initialized with port(s): 8080 (http)
""2024-03-13 21:54:52,207 INFO  [main] org.apache.catalina.core.StandardService:Starting service [Tomcat]
""2024-03-13 21:54:52,207 INFO  [main] org.apache.catalina.core.StandardEngine:Starting Servlet engine: [Apache Tomcat/9.0.68]
""2024-03-13 21:54:52,350 INFO  [main] org.apache.catalina.core.ContainerBase.[Tomcat].[localhost].[/]:Initializing Spring embedded WebApplicationContext
""2024-03-13 21:54:52,352 INFO  [main] org.springframework.boot.web.servlet.context.ServletWebServerApplicationContext:Root WebApplicationContext: initialization completed in 2436 ms
""2024-03-13 21:54:52,561 INFO  [main] org.hibernate.jpa.internal.util.LogHelper:HHH000204: Processing PersistenceUnitInfo [name: default]
""2024-03-13 21:54:52,633 INFO  [main] org.hibernate.Version:HHH000412: Hibernate ORM core version 5.6.12.Final
""2024-03-13 21:54:52,847 INFO  [main] org.hibernate.annotations.common.Version:HCANN000001: Hibernate Commons Annotations {5.1.2.Final}
""2024-03-13 21:54:52,982 INFO  [main] com.zaxxer.hikari.HikariDataSource:HikariPool-1 - Starting...
""2024-03-13 21:54:53,266 INFO  [main] com.zaxxer.hikari.HikariDataSource:HikariPool-1 - Start completed.
""2024-03-13 21:54:53,295 INFO  [main] org.hibernate.dialect.Dialect:HHH000400: Using dialect: org.hibernate.dialect.PostgreSQL81Dialect
""2024-03-13 21:54:54,685 INFO  [main] org.hibernate.engine.transaction.jta.platform.internal.JtaPlatformInitiator:HHH000490: Using JtaPlatform implementation: [org.hibernate.engine.transaction.jta.platform.internal.NoJtaPlatform]
""2024-03-13 21:54:54,693 INFO  [main] org.springframework.orm.jpa.LocalContainerEntityManagerFactoryBean:Initialized JPA EntityManagerFactory for persistence unit 'default'
""2024-03-13 21:54:56,021 WARN  [main] org.springframework.boot.autoconfigure.orm.jpa.JpaBaseConfiguration$JpaWebConfiguration:spring.jpa.open-in-view is enabled by default. Therefore, database queries may be performed during view rendering. Explicitly configure spring.jpa.open-in-view to disable this warning
""2024-03-13 21:54:56,742 INFO  [main] org.springframework.security.web.DefaultSecurityFilterChain:Will secure any request with [org.springframework.security.web.session.DisableEncodeUrlFilter@4f836d9, org.springframework.security.web.context.request.async.WebAsyncManagerIntegrationFilter@2a4f1bc5, org.springframework.security.web.context.SecurityContextPersistenceFilter@346a2799, org.springframework.security.web.header.HeaderWriterFilter@400d1c30, org.springframework.web.filter.CorsFilter@224e7aa5, org.springframework.security.web.authentication.logout.LogoutFilter@477e5b69, com.project.security.jwt.AuthTokenFilter@1cda75be, org.springframework.security.web.savedrequest.RequestCacheAwareFilter@75b4db22, org.springframework.security.web.servletapi.SecurityContextHolderAwareRequestFilter@670aac24, org.springframework.security.web.authentication.AnonymousAuthenticationFilter@89ff043, org.springframework.security.web.session.SessionManagementFilter@1164990a, org.springframework.security.web.access.ExceptionTranslationFilter@1a1e38ab, org.springframework.security.web.access.intercept.FilterSecurityInterceptor@4a7c8cb7]
""2024-03-13 21:54:57,075 INFO  [main] org.springframework.boot.web.embedded.tomcat.TomcatWebServer:Tomcat started on port(s): 8080 (http) with context path ''
""2024-03-13 21:54:57,085 INFO  [main] com.project.StudentManagementApplication:Started StudentManagementApplication in 7.8 seconds (JVM running for 8.497)
""2024-03-13 21:55:56,424 INFO  [http-nio-8080-exec-2] org.apache.catalina.core.ContainerBase.[Tomcat].[localhost].[/]:Initializing Spring DispatcherServlet 'dispatcherServlet'
""2024-03-13 21:58:11,508 ERROR [http-nio-8080-exec-5] com.project.security.jwt.JwtUtils:Jwt token is expired : JWT expired at 2024-02-24T00:55:24Z. Current time: 2024-03-13T21:58:11Z, a difference of 1630967508 milliseconds.  Allowed clock skew: 0 milliseconds.
""2024-03-13 21:58:11,511 ERROR [http-nio-8080-exec-5] com.project.security.jwt.AuthEntryPointJwt:Unauthorized error : Full authentication is required to access this resource
""2024-03-13 22:05:10,237 ERROR [http-nio-8080-exec-3] com.project.security.jwt.JwtUtils:Jwt token is expired : JWT expired at 2024-03-09T00:43:09Z. Current time: 2024-03-13T22:05:10Z, a difference of 422521236 milliseconds.  Allowed clock skew: 0 milliseconds.
""2024-03-13 22:05:10,238 ERROR [http-nio-8080-exec-3] com.project.security.jwt.AuthEntryPointJwt:Unauthorized error : Full authentication is required to access this resource
""2024-03-13 22:08:50,629 ERROR [http-nio-8080-exec-8] com.project.security.jwt.JwtUtils:Jwt token is expired : JWT expired at 2024-03-09T01:13:27Z. Current time: 2024-03-13T22:08:50Z, a difference of 420923628 milliseconds.  Allowed clock skew: 0 milliseconds.
""2024-03-13 22:08:50,630 ERROR [http-nio-8080-exec-8] com.project.security.jwt.AuthEntryPointJwt:Unauthorized error : Full authentication is required to access this resource
""2024-03-13 22:51:57,653 INFO  [SpringApplicationShutdownHook] org.springframework.orm.jpa.LocalContainerEntityManagerFactoryBean:Closing JPA EntityManagerFactory for persistence unit 'default'
""2024-03-13 22:51:57,693 INFO  [SpringApplicationShutdownHook] com.zaxxer.hikari.HikariDataSource:HikariPool-1 - Shutdown initiated...
""2024-03-13 22:51:57,708 INFO  [SpringApplicationShutdownHook] com.zaxxer.hikari.HikariDataSource:HikariPool-1 - Shutdown completed.
"